<?xml version="1.0" encoding="UTF-8"?>
<testng-results skipped="0" failed="1" ignored="0" total="1" passed="0">
  <reporter-output>
  </reporter-output>
  <suite name="Default suite" duration-ms="478" started-at="2021-02-26T09:51:16 IST" finished-at="2021-02-26T09:51:17 IST">
    <groups>
      <group name="Cucumber">
        <method signature="TestNGRunner.scenario(io.cucumber.testng.PickleEventWrapper, io.cucumber.testng.CucumberFeatureWrapper)[pri:0, instance:stepDefination.TestNGRunner@78186a70]" name="scenario" class="stepDefination.TestNGRunner"/>
      </group> <!-- Cucumber -->
    </groups>
    <test name="Default test" duration-ms="478" started-at="2021-02-26T09:51:16 IST" finished-at="2021-02-26T09:51:17 IST">
      <class name="stepDefination.TestNGRunner">
        <test-method status="PASS" signature="setUpClass()[pri:0, instance:stepDefination.TestNGRunner@78186a70]" name="setUpClass" is-config="true" duration-ms="263" started-at="2021-02-26T09:51:17 IST" finished-at="2021-02-26T09:51:17 IST">
          <reporter-output>
          </reporter-output>
        </test-method> <!-- setUpClass -->
        <test-method status="FAIL" signature="scenario(io.cucumber.testng.PickleEventWrapper, io.cucumber.testng.CucumberFeatureWrapper)[pri:0, instance:stepDefination.TestNGRunner@78186a70]" name="scenario" duration-ms="8" started-at="2021-02-26T09:51:17 IST" description="Runs Cucumber Feature" data-provider="scenarios" finished-at="2021-02-26T09:51:17 IST">
          <params>
            <param index="0">
              <value>
                <![CDATA[io.cucumber.testng.CucumberExceptionWrapper@77888435]]>
              </value>
            </param>
            <param index="1">
              <value is-null="true"/>
            </param>
          </params>
          <exception class="cucumber.runtime.CucumberException">
            <message>
              <![CDATA[Failed to parse resource at: file:src/main/java/stepDefination/Feature_file/Assessment_Periodicity.feature]]>
            </message>
            <full-stacktrace>
              <![CDATA[cucumber.runtime.CucumberException: Failed to parse resource at: file:src/main/java/stepDefination/Feature_file/Assessment_Periodicity.feature
at cucumber.runtime.model.FeatureParser.parseResource(FeatureParser.java:40)
at cucumber.runtime.model.FeatureBuilder.parse(FeatureBuilder.java:25)
at cucumber.runtime.model.FeatureLoader.loadFromFeaturePath(FeatureLoader.java:36)
at cucumber.runtime.model.FeatureLoader.load(FeatureLoader.java:23)
at cucumber.runtime.FeaturePathFeatureSupplier.get(FeaturePathFeatureSupplier.java:33)
at io.cucumber.testng.TestNGCucumberRunner.getFeatures(TestNGCucumberRunner.java:116)
at io.cucumber.testng.TestNGCucumberRunner.provideScenarios(TestNGCucumberRunner.java:98)
at stepDefination.TestNGRunner.scenarios(TestNGRunner.java:72)
at sun.reflect.NativeMethodAccessorImpl.invoke0(Native Method)
at sun.reflect.NativeMethodAccessorImpl.invoke(Unknown Source)
at sun.reflect.DelegatingMethodAccessorImpl.invoke(Unknown Source)
at java.lang.reflect.Method.invoke(Unknown Source)
at org.testng.internal.MethodInvocationHelper.invokeMethod(MethodInvocationHelper.java:135)
at org.testng.internal.MethodInvocationHelper.invokeMethod(MethodInvocationHelper.java:79)
at org.testng.internal.MethodInvocationHelper.invokeMethodNoCheckedException(MethodInvocationHelper.java:48)
at org.testng.internal.MethodInvocationHelper.invokeDataProvider(MethodInvocationHelper.java:148)
at org.testng.internal.Parameters.handleParameters(Parameters.java:797)
at org.testng.internal.Parameters.handleParameters(Parameters.java:740)
at org.testng.internal.ParameterHandler.handleParameters(ParameterHandler.java:59)
at org.testng.internal.ParameterHandler.createParameters(ParameterHandler.java:38)
at org.testng.internal.TestInvoker$MethodInvocationAgent.invoke(TestInvoker.java:788)
at org.testng.internal.TestInvoker.invokeTestMethods(TestInvoker.java:147)
at org.testng.internal.TestMethodWorker.invokeTestMethods(TestMethodWorker.java:146)
at org.testng.internal.TestMethodWorker.run(TestMethodWorker.java:128)
at java.util.ArrayList.forEach(Unknown Source)
at org.testng.TestRunner.privateRun(TestRunner.java:767)
at org.testng.TestRunner.run(TestRunner.java:588)
at org.testng.SuiteRunner.runTest(SuiteRunner.java:384)
at org.testng.SuiteRunner.runSequentially(SuiteRunner.java:378)
at org.testng.SuiteRunner.privateRun(SuiteRunner.java:337)
at org.testng.SuiteRunner.run(SuiteRunner.java:286)
at org.testng.SuiteRunnerWorker.runSuite(SuiteRunnerWorker.java:53)
at org.testng.SuiteRunnerWorker.run(SuiteRunnerWorker.java:96)
at org.testng.TestNG.runSuitesSequentially(TestNG.java:1214)
at org.testng.TestNG.runSuitesLocally(TestNG.java:1136)
at org.testng.TestNG.runSuites(TestNG.java:1066)
at org.testng.TestNG.run(TestNG.java:1034)
at org.testng.remote.AbstractRemoteTestNG.run(AbstractRemoteTestNG.java:115)
at org.testng.remote.RemoteTestNG.initAndRun(RemoteTestNG.java:251)
at org.testng.remote.RemoteTestNG.main(RemoteTestNG.java:77)
Caused by: gherkin.ParserException$CompositeParserException: Parser errors:
(61:2): expected: #EOF, #TableRow, #DocStringSeparator, #StepLine, #TagLine, #ScenarioLine, #ScenarioOutlineLine, #Comment, #Empty, got 'User click on AssessProcess_ViewAll for Assess process in todo'
at gherkin.Parser.parse(Parser.java:150)
at gherkin.Parser.parse(Parser.java:125)
at gherkin.Parser.parse(Parser.java:121)
at cucumber.runtime.model.FeatureParser.parseResource(FeatureParser.java:36)
... 39 more
]]>
            </full-stacktrace>
          </exception> <!-- cucumber.runtime.CucumberException -->
          <reporter-output>
          </reporter-output>
        </test-method> <!-- scenario -->
        <test-method status="PASS" signature="tearDownClass()[pri:0, instance:stepDefination.TestNGRunner@78186a70]" name="tearDownClass" is-config="true" duration-ms="14" started-at="2021-02-26T09:51:17 IST" finished-at="2021-02-26T09:51:17 IST">
          <reporter-output>
          </reporter-output>
        </test-method> <!-- tearDownClass -->
      </class> <!-- stepDefination.TestNGRunner -->
    </test> <!-- Default test -->
  </suite> <!-- Default suite -->
</testng-results>
